<?xml version="1.0" encoding="UTF-8"?>
<testng-results ignored="0" total="1" passed="1" failed="0" skipped="0">
  <reporter-output>
  </reporter-output>
  <suite started-at="2024-05-13T10:51:41 IST" name="Default suite" finished-at="2024-05-13T10:52:14 IST" duration-ms="33328">
    <groups>
    </groups>
    <test started-at="2024-05-13T10:51:41 IST" name="Default test" finished-at="2024-05-13T10:52:14 IST" duration-ms="33328">
      <class name="org.Jaya.AppiumFrameWork.eCommerce_tc_2">
        <test-method is-config="true" signature="ConfigureAppium()[pri:0, instance:org.Jaya.AppiumFrameWork.eCommerce_tc_2@1c7696c6]" started-at="2024-05-13T10:51:41 IST" name="ConfigureAppium" finished-at="2024-05-13T10:51:55 IST" duration-ms="14193" status="PASS">
          <reporter-output>
          </reporter-output>
        </test-method> <!-- ConfigureAppium -->
        <test-method signature="fillformError()[pri:0, instance:org.Jaya.AppiumFrameWork.eCommerce_tc_2@1c7696c6]" started-at="2024-05-13T10:51:55 IST" name="fillformError" finished-at="2024-05-13T10:52:14 IST" duration-ms="19084" status="PASS">
          <reporter-output>
          </reporter-output>
        </test-method> <!-- fillformError -->
      </class> <!-- org.Jaya.AppiumFrameWork.eCommerce_tc_2 -->
    </test> <!-- Default test -->
  </suite> <!-- Default suite -->
</testng-results>
