<?xml version="1.0" encoding="UTF-8"?>
<testng-results ignored="0" total="1" passed="1" failed="0" skipped="0">
  <reporter-output>
  </reporter-output>
  <suite started-at="2023-10-24T10:18:07 IST" name="Default suite" finished-at="2023-10-24T10:19:24 IST" duration-ms="77031">
    <groups>
    </groups>
    <test started-at="2023-10-24T10:18:07 IST" name="Default test" finished-at="2023-10-24T10:19:24 IST" duration-ms="77031">
      <class name="SutiHR.SutiHRApplyTimeOff">
        <test-method is-config="true" signature="ConfigureAppium()[pri:0, instance:SutiHR.SutiHRApplyTimeOff@41330d4f]" started-at="2023-10-24T10:18:07 IST" name="ConfigureAppium" finished-at="2023-10-24T10:18:28 IST" duration-ms="21382" status="PASS">
          <reporter-output>
          </reporter-output>
        </test-method> <!-- ConfigureAppium -->
        <test-method signature="applyTimeOffTest()[pri:0, instance:SutiHR.SutiHRApplyTimeOff@41330d4f]" started-at="2023-10-24T10:18:28 IST" name="applyTimeOffTest" finished-at="2023-10-24T10:19:24 IST" duration-ms="55542" status="PASS">
          <reporter-output>
          </reporter-output>
        </test-method> <!-- applyTimeOffTest -->
        <test-method is-config="true" signature="endTask()[pri:0, instance:SutiHR.SutiHRApplyTimeOff@41330d4f]" started-at="2023-10-24T10:19:24 IST" name="endTask" finished-at="2023-10-24T10:19:24 IST" duration-ms="58" status="PASS">
          <reporter-output>
          </reporter-output>
        </test-method> <!-- endTask -->
      </class> <!-- SutiHR.SutiHRApplyTimeOff -->
    </test> <!-- Default test -->
  </suite> <!-- Default suite -->
</testng-results>
